<?xml version="1.0" encoding="UTF-8"?>
<!-- Generated by org.testng.reporters.JUnitReportReporter -->
<testsuite hostname="pc_dexp_02" name="NPR.npr.test.TravelTest" tests="1" failures="0" timestamp="14 Oct 2015 07:06:21 GMT" time="29.662" errors="0">
  <testcase name="loginTest" time="29.662" classname="NPR.npr.test.TravelTest"/>
</testsuite> <!-- NPR.npr.test.TravelTest -->
