<?xml version="1.0" encoding="UTF-8"?>
<!-- Generated by org.testng.reporters.JUnitReportReporter -->
<testsuite hostname="рщл" name="NPR.npr.test.LoginTest" tests="1" failures="0" timestamp="14 Oct 2015 06:00:01 GMT" time="60.266" errors="0">
  <testcase name="loginTest" time="60.266" classname="NPR.npr.test.LoginTest"/>
</testsuite> <!-- NPR.npr.test.LoginTest -->
